<?xml version="1.0" encoding="UTF-8"?>
<testng-results skipped="0" failed="0" ignored="3" total="4" passed="1">
  <reporter-output>
  </reporter-output>
  <suite name="Default suite" duration-ms="13054" started-at="2020-03-04T00:29:38 PST" finished-at="2020-03-04T00:29:51 PST">
    <groups>
    </groups>
    <test name="Default test" duration-ms="13054" started-at="2020-03-04T00:29:38 PST" finished-at="2020-03-04T00:29:51 PST">
      <class name="RestApiMethods">
        <test-method status="PASS" signature="logIn()[pri:0, instance:RestApiMethods@6e0e048a]" name="logIn" is-config="true" duration-ms="1733" started-at="2020-03-04T00:29:38 PST" finished-at="2020-03-04T00:29:40 PST">
          <reporter-output>
          </reporter-output>
        </test-method> <!-- logIn -->
        <test-method status="PASS" signature="upDateUser()[pri:0, instance:RestApiMethods@6e0e048a]" name="upDateUser" duration-ms="11263" started-at="2020-03-04T00:29:40 PST" finished-at="2020-03-04T00:29:51 PST">
          <reporter-output>
          </reporter-output>
        </test-method> <!-- upDateUser -->
      </class> <!-- RestApiMethods -->
    </test> <!-- Default test -->
  </suite> <!-- Default suite -->
</testng-results>
