<?xml version="1.0" encoding="UTF-8"?>
<testng-results skipped="0" failed="0" ignored="3" total="4" passed="1">
  <reporter-output>
  </reporter-output>
  <suite name="Default suite" duration-ms="3571" started-at="2020-03-10T21:41:02 PDT" finished-at="2020-03-10T21:41:05 PDT">
    <groups>
    </groups>
    <test name="Default test" duration-ms="3571" started-at="2020-03-10T21:41:02 PDT" finished-at="2020-03-10T21:41:05 PDT">
      <class name="RestApiMethods">
        <test-method status="PASS" signature="logIn()[pri:0, instance:RestApiMethods@6e0e048a]" name="logIn" is-config="true" duration-ms="1636" started-at="2020-03-10T21:41:02 PDT" finished-at="2020-03-10T21:41:04 PDT">
          <reporter-output>
          </reporter-output>
        </test-method> <!-- logIn -->
        <test-method status="PASS" signature="getData()[pri:0, instance:RestApiMethods@6e0e048a]" name="getData" duration-ms="1900" started-at="2020-03-10T21:41:04 PDT" finished-at="2020-03-10T21:41:05 PDT">
          <reporter-output>
          </reporter-output>
        </test-method> <!-- getData -->
      </class> <!-- RestApiMethods -->
    </test> <!-- Default test -->
  </suite> <!-- Default suite -->
</testng-results>
