<?xml version="1.0" encoding="UTF-8"?>
<testng-results skipped="0" failed="0" ignored="0" total="2" passed="2">
  <reporter-output>
  </reporter-output>
  <suite name="Default suite" duration-ms="14610" started-at="2020-02-25T18:12:47 PST" finished-at="2020-02-25T18:13:01 PST">
    <groups>
    </groups>
    <test name="Default test" duration-ms="14610" started-at="2020-02-25T18:12:47 PST" finished-at="2020-02-25T18:13:01 PST">
      <class name="LoginToSEDC">
        <test-method status="PASS" signature="Initoalizer()[pri:0, instance:LoginToSEDC@67205a84]" name="Initoalizer" is-config="true" duration-ms="3175" started-at="2020-02-25T18:12:47 PST" finished-at="2020-02-25T18:12:50 PST">
          <reporter-output>
          </reporter-output>
        </test-method> <!-- Initoalizer -->
        <test-method status="PASS" signature="TC1_LoginErrorMessage()[pri:0, instance:LoginToSEDC@67205a84]" name="TC1_LoginErrorMessage" duration-ms="4700" started-at="2020-02-25T18:12:50 PST" finished-at="2020-02-25T18:12:55 PST">
          <reporter-output>
          </reporter-output>
        </test-method> <!-- TC1_LoginErrorMessage -->
        <test-method status="PASS" signature="TC2_LoginToSalesForce()[pri:0, instance:LoginToSEDC@67205a84]" name="TC2_LoginToSalesForce" duration-ms="6286" started-at="2020-02-25T18:12:55 PST" finished-at="2020-02-25T18:13:01 PST">
          <reporter-output>
          </reporter-output>
        </test-method> <!-- TC2_LoginToSalesForce -->
        <test-method status="PASS" signature="quitBrowser()[pri:0, instance:LoginToSEDC@67205a84]" name="quitBrowser" is-config="true" duration-ms="374" started-at="2020-02-25T18:13:01 PST" finished-at="2020-02-25T18:13:01 PST">
          <reporter-output>
          </reporter-output>
        </test-method> <!-- quitBrowser -->
      </class> <!-- LoginToSEDC -->
    </test> <!-- Default test -->
  </suite> <!-- Default suite -->
</testng-results>
