<?xml version="1.0" encoding="UTF-8"?>
<!-- Generated by org.testng.reporters.JUnitXMLReporter -->
<testsuite hostname="Sayannas-MBP" ignored="21" tests="1" failures="0" timestamp="2020-02-24T22:10:06 PST" time="22.203" errors="0">
  <testcase name="TC_21LeadsSelectView" time="18.95" classname="SfDC37_TestCases"/>
  <testcase name="TC3_CheckRememberMe" time="0.0" classname="SfDC37_TestCases">
    <ignored/>
  </testcase> <!-- TC3_CheckRememberMe -->
  <testcase name="TC_11CreateNewView" time="0.0" classname="SfDC37_TestCases">
    <ignored/>
  </testcase> <!-- TC_11CreateNewView -->
  <testcase name="TC_07" time="0.0" classname="SfDC37_TestCases">
    <ignored/>
  </testcase> <!-- TC_07 -->
  <testcase name="TC_18" time="0.0" classname="SfDC37_TestCases">
    <ignored/>
  </testcase> <!-- TC_18 -->
  <testcase name="TC2_LoginToSalesForce" time="0.0" classname="SfDC37_TestCases">
    <ignored/>
  </testcase> <!-- TC2_LoginToSalesForce -->
  <testcase name="TC_20LeadTab" time="0.0" classname="SfDC37_TestCases">
    <ignored/>
  </testcase> <!-- TC_20LeadTab -->
  <testcase name="TC_12EditView" time="0.0" classname="SfDC37_TestCases">
    <ignored/>
  </testcase> <!-- TC_12EditView -->
  <testcase name="TC_10" time="0.0" classname="SfDC37_TestCases">
    <ignored/>
  </testcase> <!-- TC_10 -->
  <testcase name="Forgotpassword_4B" time="0.0" classname="SfDC37_TestCases">
    <ignored/>
  </testcase> <!-- Forgotpassword_4B -->
  <testcase name="Forgotpasword_4A" time="0.0" classname="SfDC37_TestCases">
    <ignored/>
  </testcase> <!-- Forgotpasword_4A -->
  <testcase name="TC_08" time="0.0" classname="SfDC37_TestCases">
    <ignored/>
  </testcase> <!-- TC_08 -->
  <testcase name="TC_19" time="0.0" classname="SfDC37_TestCases">
    <ignored/>
  </testcase> <!-- TC_19 -->
  <testcase name="TC_09" time="0.0" classname="SfDC37_TestCases">
    <ignored/>
  </testcase> <!-- TC_09 -->
  <testcase name="TC_15" time="0.0" classname="SfDC37_TestCases">
    <ignored/>
  </testcase> <!-- TC_15 -->
  <testcase name="TC1_LoginErrorMessage" time="0.0" classname="SfDC37_TestCases">
    <ignored/>
  </testcase> <!-- TC1_LoginErrorMessage -->
  <testcase name="TC_14" time="0.0" classname="SfDC37_TestCases">
    <ignored/>
  </testcase> <!-- TC_14 -->
  <testcase name="TC_06" time="0.0" classname="SfDC37_TestCases">
    <ignored/>
  </testcase> <!-- TC_06 -->
  <testcase name="TC_17" time="0.0" classname="SfDC37_TestCases">
    <ignored/>
  </testcase> <!-- TC_17 -->
  <testcase name="TC_05" time="0.0" classname="SfDC37_TestCases">
    <ignored/>
  </testcase> <!-- TC_05 -->
  <testcase name="TC_16" time="0.0" classname="SfDC37_TestCases">
    <ignored/>
  </testcase> <!-- TC_16 -->
  <testcase name="TC_13" time="0.0" classname="SfDC37_TestCases">
    <ignored/>
  </testcase> <!-- TC_13 -->
</testsuite>
