<?xml version="1.0" encoding="UTF-8"?>
<testng-results skipped="0" failed="0" ignored="0" total="2" passed="2">
  <reporter-output>
  </reporter-output>
  <suite name="Suite" duration-ms="18085" started-at="2020-02-25T23:11:20 PST" finished-at="2020-02-25T23:11:38 PST">
    <groups>
    </groups>
    <test name="Test" duration-ms="18085" started-at="2020-02-25T23:11:20 PST" finished-at="2020-02-25T23:11:38 PST">
      <class name="LoginSFDC">
        <test-method status="PASS" signature="Initializer()[pri:0, instance:LoginSFDC@59e5ddf]" name="Initializer" is-config="true" duration-ms="3102" started-at="2020-02-25T23:11:20 PST" finished-at="2020-02-25T23:11:23 PST">
          <reporter-output>
          </reporter-output>
        </test-method> <!-- Initializer -->
        <test-method status="PASS" signature="TC1_LoginErrorMessage()[pri:0, instance:LoginSFDC@59e5ddf]" name="TC1_LoginErrorMessage" duration-ms="4414" started-at="2020-02-25T23:11:23 PST" finished-at="2020-02-25T23:11:27 PST">
          <reporter-output>
          </reporter-output>
        </test-method> <!-- TC1_LoginErrorMessage -->
        <test-method status="PASS" signature="TC2_LoginToSalesForce()[pri:0, instance:LoginSFDC@59e5ddf]" name="TC2_LoginToSalesForce" duration-ms="10014" started-at="2020-02-25T23:11:27 PST" finished-at="2020-02-25T23:11:37 PST">
          <reporter-output>
          </reporter-output>
        </test-method> <!-- TC2_LoginToSalesForce -->
        <test-method status="PASS" signature="quitBrowser()[pri:0, instance:LoginSFDC@59e5ddf]" name="quitBrowser" is-config="true" duration-ms="461" started-at="2020-02-25T23:11:37 PST" finished-at="2020-02-25T23:11:38 PST">
          <reporter-output>
          </reporter-output>
        </test-method> <!-- quitBrowser -->
      </class> <!-- LoginSFDC -->
    </test> <!-- Test -->
  </suite> <!-- Suite -->
</testng-results>
