<?xml version="1.0" encoding="UTF-8"?>
<!-- Generated by org.testng.reporters.JUnitXMLReporter -->
<testsuite hostname="Sayannas-MBP" ignored="3" tests="1" failures="0" timestamp="2020-03-04T00:29:51 PST" time="13.054" errors="0">
  <testcase name="upDateUser" time="11.263" classname="RestApiMethods"/>
  <testcase name="testAddUser" time="0.0" classname="RestApiMethods">
    <ignored/>
  </testcase> <!-- testAddUser -->
  <testcase name="getData" time="0.0" classname="RestApiMethods">
    <ignored/>
  </testcase> <!-- getData -->
  <testcase name="deleteUser" time="0.0" classname="RestApiMethods">
    <ignored/>
  </testcase> <!-- deleteUser -->
</testsuite>
