<?xml version="1.0" encoding="UTF-8"?>
<!-- Generated by org.testng.reporters.JUnitXMLReporter -->
<testsuite hostname="Sayannas-MBP" ignored="3" tests="1" failures="0" timestamp="2020-03-10T21:41:06 PDT" time="3.571" errors="0">
  <testcase name="getData" time="1.9" classname="RestApiMethods"/>
  <testcase name="upDateUser" time="0.0" classname="RestApiMethods">
    <ignored/>
  </testcase> <!-- upDateUser -->
  <testcase name="testAddUser" time="0.0" classname="RestApiMethods">
    <ignored/>
  </testcase> <!-- testAddUser -->
  <testcase name="deleteUser" time="0.0" classname="RestApiMethods">
    <ignored/>
  </testcase> <!-- deleteUser -->
</testsuite>
