<?xml version="1.0" encoding="UTF-8"?>
<!-- Generated by org.testng.reporters.JUnitXMLReporter -->
<testsuite hostname="Sayannas-MBP" ignored="0" tests="4" failures="0" timestamp="2020-03-04T23:24:44 PST" time="17.081" errors="0">
  <testcase name="TC1_LoginErrorMessage" time="5.407" classname="LoginSFDC"/>
  <testcase name="TC1_LoginErrorMessage" time="3.943" classname="LoginSFDC"/>
  <testcase name="TC2_LoginToSalesForce" time="3.803" classname="LoginSFDC"/>
  <testcase name="TC2_LoginToSalesForce" time="5.818" classname="LoginSFDC"/>
</testsuite>
