<?xml version="1.0" encoding="UTF-8"?>
<testng-results skipped="0" failed="0" ignored="0" total="1" passed="1">
  <reporter-output>
  </reporter-output>
  <suite name="Default suite" duration-ms="6647" started-at="2020-02-22T18:06:25 PST" finished-at="2020-02-22T18:06:32 PST">
    <groups>
    </groups>
    <test name="Default test" duration-ms="6647" started-at="2020-02-22T18:06:25 PST" finished-at="2020-02-22T18:06:32 PST">
      <class name="SfDC37_TestCases">
        <test-method status="PASS" signature="Intializer()[pri:0, instance:SfDC37_TestCases@3a883ce7]" name="Intializer" is-config="true" duration-ms="1815" started-at="2020-02-22T18:06:25 PST" finished-at="2020-02-22T18:06:27 PST">
          <reporter-output>
          </reporter-output>
        </test-method> <!-- Intializer -->
        <test-method status="PASS" signature="TC1_LoginErrorMessage()[pri:0, instance:SfDC37_TestCases@3a883ce7]" name="TC1_LoginErrorMessage" duration-ms="4793" started-at="2020-02-22T18:06:27 PST" finished-at="2020-02-22T18:06:32 PST">
          <reporter-output>
          </reporter-output>
        </test-method> <!-- TC1_LoginErrorMessage -->
      </class> <!-- SfDC37_TestCases -->
    </test> <!-- Default test -->
  </suite> <!-- Default suite -->
</testng-results>
