<?xml version="1.0" encoding="UTF-8"?>
<testng-results skipped="0" failed="0" ignored="0" total="1" passed="1">
  <reporter-output>
  </reporter-output>
  <suite name="Default suite" duration-ms="170" started-at="2020-02-21T13:55:49 PST" finished-at="2020-02-21T13:55:49 PST">
    <groups>
    </groups>
    <test name="Default test" duration-ms="170" started-at="2020-02-21T13:55:49 PST" finished-at="2020-02-21T13:55:49 PST">
      <class name="example">
        <test-method status="PASS" signature="demo()[pri:0, instance:example@3b0143d3]" name="demo" duration-ms="15" started-at="2020-02-21T13:55:49 PST" finished-at="2020-02-21T13:55:49 PST">
          <reporter-output>
          </reporter-output>
        </test-method> <!-- demo -->
      </class> <!-- example -->
    </test> <!-- Default test -->
  </suite> <!-- Default suite -->
</testng-results>
