<?xml version="1.0" encoding="UTF-8"?>
<!-- Generated by org.testng.reporters.JUnitXMLReporter -->
<testsuite hostname="Sayannas-MBP" ignored="0" tests="4" failures="1" timestamp="2020-04-10T11:30:35 PDT" time="27.557" errors="0">
  <testcase name="NavigateToXero" time="10.04" classname="XeroAppTestCases"/>
  <testcase name="forgotPassword" time="2.205" classname="XeroAppTestCases">
    <failure type="java.lang.AssertionError" message="Link to rest Message is not displayed expected [A link to reset your password has been sent to: testQA20mar@gmail.com] but found [A link to reset your password has been sent to:
testQA2020mar@gmail.com]">
      <![CDATA[java.lang.AssertionError: Link to rest Message is not displayed expected [A link to reset your password has been sent to: testQA20mar@gmail.com] but found [A link to reset your password has been sent to:
testQA2020mar@gmail.com]
at XeroAppTestCases.forgotPassword(XeroAppTestCases.java:106)
at java.util.ArrayList.forEach(ArrayList.java:1257)
... Removed 31 stack frames]]>
    </failure>
  </testcase> <!-- forgotPassword -->
  <testcase name="incorrectEmail" time="3.468" classname="XeroAppTestCases"/>
  <testcase name="incorrectPassword" time="5.514" classname="XeroAppTestCases"/>
</testsuite>
