<?xml version="1.0" encoding="UTF-8"?>
<!-- Generated by org.testng.reporters.JUnitXMLReporter -->
<testsuite hostname="Sayannas-MBP" ignored="3" tests="1" failures="0" timestamp="2020-02-27T23:46:09 PST" time="22.524" errors="0">
  <testcase name="EditUser" time="18.203" classname="TestCases"/>
  <testcase name="LoginError" time="0.0" classname="TestCases">
    <ignored/>
  </testcase> <!-- LoginError -->
  <testcase name="LoginToTekArch" time="0.0" classname="TestCases">
    <ignored/>
  </testcase> <!-- LoginToTekArch -->
  <testcase name="AddUser" time="0.0" classname="TestCases">
    <ignored/>
  </testcase> <!-- AddUser -->
</testsuite>
