<?xml version="1.0" encoding="UTF-8"?>
<testng-results skipped="0" failed="0" ignored="1" total="2" passed="1">
  <reporter-output>
  </reporter-output>
  <suite name="Default suite" duration-ms="18802" started-at="2020-04-19T18:31:41 PDT" finished-at="2020-04-19T18:32:00 PDT">
    <groups>
    </groups>
    <test name="Default test" duration-ms="18802" started-at="2020-04-19T18:31:41 PDT" finished-at="2020-04-19T18:32:00 PDT">
      <class name="Pages.UserMenuTestCases">
        <test-method status="PASS" signature="setup()[pri:0, instance:Pages.UserMenuTestCases@5d76b067]" name="setup" is-config="true" duration-ms="2740" started-at="2020-04-19T18:31:41 PDT" finished-at="2020-04-19T18:31:44 PDT">
          <reporter-output>
          </reporter-output>
        </test-method> <!-- setup -->
        <test-method status="PASS" signature="TC06()[pri:0, instance:Pages.UserMenuTestCases@5d76b067]" name="TC06" duration-ms="15677" started-at="2020-04-19T18:31:44 PDT" finished-at="2020-04-19T18:31:59 PDT">
          <reporter-output>
          </reporter-output>
        </test-method> <!-- TC06 -->
        <test-method status="PASS" signature="Close()[pri:0, instance:Pages.UserMenuTestCases@5d76b067]" name="Close" is-config="true" duration-ms="348" started-at="2020-04-19T18:31:59 PDT" finished-at="2020-04-19T18:32:00 PDT">
          <reporter-output>
          </reporter-output>
        </test-method> <!-- Close -->
      </class> <!-- Pages.UserMenuTestCases -->
    </test> <!-- Default test -->
  </suite> <!-- Default suite -->
</testng-results>
