<?xml version="1.0" encoding="UTF-8"?>
<testng-results skipped="0" failed="0" ignored="0" total="1" passed="1">
  <reporter-output>
  </reporter-output>
  <suite name="Suite" duration-ms="9839" started-at="2020-02-25T17:01:59 PST" finished-at="2020-02-25T17:02:09 PST">
    <groups>
    </groups>
    <test name="Test" duration-ms="9839" started-at="2020-02-25T17:01:59 PST" finished-at="2020-02-25T17:02:09 PST">
      <class name="TestNg_Test">
        <test-method status="PASS" signature="Initializer()[pri:0, instance:TestNg_Test@1e6d1014]" name="Initializer" is-config="true" duration-ms="3608" started-at="2020-02-25T17:01:59 PST" finished-at="2020-02-25T17:02:03 PST">
          <reporter-output>
          </reporter-output>
        </test-method> <!-- Initializer -->
        <test-method status="PASS" signature="TC2_LoginToSalesForce()[pri:0, instance:TestNg_Test@1e6d1014]" name="TC2_LoginToSalesForce" duration-ms="6163" started-at="2020-02-25T17:02:03 PST" finished-at="2020-02-25T17:02:09 PST">
          <reporter-output>
          </reporter-output>
        </test-method> <!-- TC2_LoginToSalesForce -->
      </class> <!-- TestNg_Test -->
    </test> <!-- Test -->
  </suite> <!-- Suite -->
</testng-results>
